0 info it worked if it ends with ok
1 verbose cli [ '/Users/Muukii/.nvm/versions/node/v5.4.1/bin/node',
1 verbose cli   '/Users/Muukii/.nvm/versions/node/v5.4.1/bin/npm',
1 verbose cli   'start' ]
2 info using npm@3.3.12
3 info using node@v5.4.1
4 verbose run-script [ 'prestart', 'start', 'poststart' ]
5 info lifecycle swagger@0.0.0~prestart: swagger@0.0.0
6 silly lifecycle swagger@0.0.0~prestart: no script for prestart, continuing
7 info lifecycle swagger@0.0.0~start: swagger@0.0.0
8 verbose lifecycle swagger@0.0.0~start: unsafe-perm in lifecycle true
9 verbose lifecycle swagger@0.0.0~start: PATH: /Users/Muukii/.nvm/versions/node/v5.4.1/lib/node_modules/npm/bin/node-gyp-bin:/Users/Muukii/Develop/node/swagger/node_modules/.bin:/Users/Muukii/.nvm/versions/node/v5.4.1/bin:/Users/Muukii/.rbenv/shims:/Users/Muukii/.rbenv/bin:/Users/Muukii/.swiftenv/shims:/Users/Muukii/.swiftenv/bin:/Users/Muukii/.anyenv/envs/goenv/bin:/Users/Muukii/.anyenv/envs/goenv/shims:/Users/Muukii/.anyenv/bin:/Users/Muukii/.gvm/pkgsets/go1.5.3/global/bin:/Users/Muukii/.gvm/gos/go1.5.3/bin:/Users/Muukii/.gvm/pkgsets/go1.5.3/global/overlay/bin:/Users/Muukii/.gvm/bin:/Users/Muukii/.gvm/bin:/Users/Muukii/.pyenv/shims:/Users/Muukii/.pyenv/bin:/usr/local/bin:/usr/bin:/bin:/usr/sbin:/sbin
10 verbose lifecycle swagger@0.0.0~start: CWD: /Users/Muukii/Develop/node/swagger
11 silly lifecycle swagger@0.0.0~start: Args: [ '-c', 'node index.js' ]
12 silly lifecycle swagger@0.0.0~start: Returned: code: 1  signal: null
13 info lifecycle swagger@0.0.0~start: Failed to exec start script
14 verbose stack Error: swagger@0.0.0 start: `node index.js`
14 verbose stack Exit status 1
14 verbose stack     at EventEmitter.<anonymous> (/Users/Muukii/.nvm/versions/node/v5.4.1/lib/node_modules/npm/lib/utils/lifecycle.js:232:16)
14 verbose stack     at emitTwo (events.js:87:13)
14 verbose stack     at EventEmitter.emit (events.js:172:7)
14 verbose stack     at ChildProcess.<anonymous> (/Users/Muukii/.nvm/versions/node/v5.4.1/lib/node_modules/npm/lib/utils/spawn.js:24:14)
14 verbose stack     at emitTwo (events.js:87:13)
14 verbose stack     at ChildProcess.emit (events.js:172:7)
14 verbose stack     at maybeClose (internal/child_process.js:821:16)
14 verbose stack     at Process.ChildProcess._handle.onexit (internal/child_process.js:211:5)
15 verbose pkgid swagger@0.0.0
16 verbose cwd /Users/Muukii/Develop/node/swagger
17 error Darwin 15.4.0
18 error argv "/Users/Muukii/.nvm/versions/node/v5.4.1/bin/node" "/Users/Muukii/.nvm/versions/node/v5.4.1/bin/npm" "start"
19 error node v5.4.1
20 error npm  v3.3.12
21 error code ELIFECYCLE
22 error swagger@0.0.0 start: `node index.js`
22 error Exit status 1
23 error Failed at the swagger@0.0.0 start script 'node index.js'.
23 error Make sure you have the latest version of node.js and npm installed.
23 error If you do, this is most likely a problem with the swagger package,
23 error not with npm itself.
23 error Tell the author that this fails on your system:
23 error     node index.js
23 error You can get their info via:
23 error     npm owner ls swagger
23 error There is likely additional logging output above.
24 verbose exit [ 1, true ]
